2024-11-25T22:03:21.570Z 0: 

----------------------------------------------
2024-11-25T22:03:21.576Z 1: Discord starting: {"releaseChannel":"stable","version":"0.0.76"}, modulepath: /home/Menk1l/.config/discord/0.0.76/modules
2024-11-25T22:03:21.581Z 2: ✅ webContents.created web1 ""
2024-11-25T22:03:21.583Z 3: ✅ window.created win1 "discord"
2024-11-25T22:03:21.873Z 4: ✅ webContents.did-finish-load web1
2024-11-25T22:03:35.937Z 5: ✅ webContents.created web2 ""
2024-11-25T22:03:35.941Z 6: ✅ window.created win2 "Discord"
2024-11-25T22:03:38.770Z 7: ✅ webContents.did-finish-load web2
2024-11-25T22:03:38.872Z 8: window.close win1
2024-11-25T22:03:39.402Z 9: webContents.destroyed web1
2024-11-25T22:03:39.404Z 10: window.closed win1
2024-11-25T22:17:16.112Z 11: window.close win2
2024-11-25T22:21:49.238Z 12: before-quit
2024-11-25T22:21:49.241Z 13: window.close win2
2024-11-25T22:21:49.249Z 14: ❌ child-process-gone {
  type: 'Utility',
  reason: 'killed',
  exitCode: 15,
  serviceName: 'audio.mojom.AudioService',
  name: 'Audio Service'
}
2024-11-25T22:21:49.269Z 15: ❌ child-process-gone {
  type: 'Utility',
  reason: 'killed',
  exitCode: 15,
  serviceName: 'network.mojom.NetworkService',
  name: 'Network Service'
}
2024-11-26T15:20:21.444Z 0: 

----------------------------------------------
2024-11-26T15:20:21.453Z 1: Discord starting: {"releaseChannel":"stable","version":"0.0.76"}, modulepath: /home/Menk1l/.config/discord/0.0.76/modules
2024-11-26T15:20:21.458Z 2: ✅ webContents.created web1 ""
2024-11-26T15:20:21.461Z 3: ✅ window.created win1 "discord"
2024-11-26T15:20:21.675Z 4: ✅ webContents.did-finish-load web1
2024-11-26T15:20:22.001Z 5: ✅ webContents.created web2 ""
2024-11-26T15:20:22.006Z 6: ✅ window.created win2 "Discord"
2024-11-26T15:20:24.383Z 7: ✅ webContents.did-finish-load web2
2024-11-26T15:20:24.484Z 8: window.close win1
2024-11-26T15:20:24.490Z 9: webContents.destroyed web1
2024-11-26T15:20:24.491Z 10: window.closed win1
2024-11-26T15:26:23.269Z 11: before-quit
2024-11-26T15:26:23.271Z 12: window.close win2
2024-11-26T15:26:23.286Z 13: ❌ child-process-gone {
  type: 'Utility',
  reason: 'killed',
  exitCode: 15,
  serviceName: 'audio.mojom.AudioService',
  name: 'Audio Service'
}
2024-11-26T16:05:19.967Z 0: 

----------------------------------------------
2024-11-26T16:05:19.976Z 1: Discord starting: {"releaseChannel":"stable","version":"0.0.76"}, modulepath: /home/Menk1l/.config/discord/0.0.76/modules
2024-11-26T16:05:19.979Z 2: ✅ webContents.created web1 ""
2024-11-26T16:05:19.981Z 3: ✅ window.created win1 "discord"
2024-11-26T16:05:20.252Z 4: ✅ webContents.did-finish-load web1
2024-11-26T16:05:20.613Z 5: ✅ webContents.created web2 ""
2024-11-26T16:05:20.616Z 6: ✅ window.created win2 "Discord"
2024-11-26T16:05:22.889Z 7: ✅ webContents.did-finish-load web2
2024-11-26T16:05:22.989Z 8: window.close win1
2024-11-26T16:05:22.995Z 9: webContents.destroyed web1
2024-11-26T16:05:22.996Z 10: window.closed win1
2024-11-26T16:05:39.295Z 11: window.close win2
2024-11-26T16:06:11.704Z 0: 

----------------------------------------------
2024-11-26T16:06:11.711Z 1: Discord starting: {"releaseChannel":"stable","version":"0.0.76"}, modulepath: /home/Menk1l/.config/discord/0.0.76/modules
2024-11-26T16:06:54.493Z 12: window.close win2
2024-11-26T16:08:18.056Z 13: before-quit
